cuda/8.0 is already loaded.
==1996== NVPROF is profiling process 1996, command: ./matmult_f.nvcc2 gpu5 10 10 10
==1996== Profiling application: ./matmult_f.nvcc2 gpu5 10 10 10
==1996== Profiling result:
Time(%)      Time     Calls       Avg       Min       Max  Name
 51.23%  5.3440us         4  1.3360us  1.0560us  1.6320us  [CUDA memcpy HtoD]
 48.77%  5.0880us         2  2.5440us  2.4640us  2.6240us  [CUDA memcpy DtoH]

==1996== API calls:
Time(%)      Time     Calls       Avg       Min       Max  Name
 99.28%  242.64ms         6  40.441ms  6.7420us  242.39ms  cudaMalloc
  0.27%  662.74us        91  7.2820us     213ns  246.05us  cuDeviceGetAttribute
  0.19%  469.32us         1  469.32us  469.32us  469.32us  cuDeviceTotalMem
  0.16%  388.62us         6  64.770us  7.5280us  187.14us  cudaFree
  0.05%  128.88us         6  21.480us  11.152us  35.608us  cudaMemcpy
  0.02%  58.774us         1  58.774us  58.774us  58.774us  cuDeviceGetName
  0.01%  14.661us         2  7.3300us  5.4380us  9.2230us  cudaDeviceSynchronize
  0.00%  9.0390us         2  4.5190us  1.0530us  7.9860us  cudaSetDevice
  0.00%  7.4560us        12     621ns     229ns  3.9840us  cudaSetupArgument
  0.00%  5.6500us         2  2.8250us     847ns  4.8030us  cudaLaunch
  0.00%  3.8000us         3  1.2660us     288ns  2.8270us  cuDeviceGetCount
  0.00%  2.8460us         2  1.4230us     764ns  2.0820us  cudaConfigureCall
  0.00%  1.5930us         3     531ns     293ns     863ns  cuDeviceGet
==2024== NVPROF is profiling process 2024, command: ./matmult_f.nvcc2 gpu5 32 32 32
==2024== Profiling application: ./matmult_f.nvcc2 gpu5 32 32 32
==2024== Profiling result:
Time(%)      Time     Calls       Avg       Min       Max  Name
 38.55%  10.017us         2  5.0080us  4.8960us  5.1210us  gpu5(int, int, int, double*, double*, double*)
 36.08%  9.3760us         4  2.3440us  2.3040us  2.4320us  [CUDA memcpy HtoD]
 25.37%  6.5920us         2  3.2960us  3.2960us  3.2960us  [CUDA memcpy DtoH]

==2024== API calls:
Time(%)      Time     Calls       Avg       Min       Max  Name
 99.18%  218.95ms         6  36.492ms  4.8300us  218.70ms  cudaMalloc
  0.24%  538.73us        91  5.9200us     213ns  200.08us  cuDeviceGetAttribute
  0.20%  432.36us         1  432.36us  432.36us  432.36us  cuDeviceTotalMem
  0.18%  387.92us         6  64.653us  6.8360us  185.92us  cudaFree
  0.09%  201.66us         2  100.83us  21.095us  180.56us  cudaLaunch
  0.07%  156.22us         6  26.036us  14.506us  38.842us  cudaMemcpy
  0.02%  48.858us         1  48.858us  48.858us  48.858us  cuDeviceGetName
  0.01%  20.727us         2  10.363us  9.8600us  10.867us  cudaDeviceSynchronize
  0.00%  8.9210us         2  4.4600us  1.0400us  7.8810us  cudaSetDevice
  0.00%  7.2970us        12     608ns     218ns  3.9600us  cudaSetupArgument
  0.00%  3.9550us         3  1.3180us     319ns  2.8210us  cuDeviceGetCount
  0.00%  2.4060us         2  1.2030us     767ns  1.6390us  cudaConfigureCall
  0.00%  1.5110us         3     503ns     266ns     807ns  cuDeviceGet
==2038== NVPROF is profiling process 2038, command: ./matmult_f.nvcc2 gpu5 64 64 64
==2038== Profiling application: ./matmult_f.nvcc2 gpu5 64 64 64
==2038== Profiling result:
Time(%)      Time     Calls       Avg       Min       Max  Name
 47.14%  25.856us         4  6.4640us  6.4000us  6.5600us  [CUDA memcpy HtoD]
 31.80%  17.440us         2  8.7200us  8.4800us  8.9600us  gpu5(int, int, int, double*, double*, double*)
 21.06%  11.552us         2  5.7760us  5.6960us  5.8560us  [CUDA memcpy DtoH]

==2038== API calls:
Time(%)      Time     Calls       Avg       Min       Max  Name
 99.12%  217.75ms         6  36.292ms  4.8060us  217.50ms  cudaMalloc
  0.25%  551.88us        91  6.0640us     210ns  213.99us  cuDeviceGetAttribute
  0.19%  428.31us         1  428.31us  428.31us  428.31us  cuDeviceTotalMem
  0.18%  391.75us         6  65.292us  6.8570us  189.84us  cudaFree
  0.11%  252.63us         6  42.104us  30.004us  63.208us  cudaMemcpy
  0.09%  199.06us         2  99.531us  21.051us  178.01us  cudaLaunch
  0.02%  48.395us         1  48.395us  48.395us  48.395us  cuDeviceGetName
  0.01%  25.259us         2  12.629us  11.355us  13.904us  cudaDeviceSynchronize
  0.00%  8.8960us         2  4.4480us  1.0810us  7.8150us  cudaSetDevice
  0.00%  7.8530us        12     654ns     231ns  4.5720us  cudaSetupArgument
  0.00%  3.8480us         3  1.2820us     252ns  2.9060us  cuDeviceGetCount
  0.00%  2.7810us         2  1.3900us     708ns  2.0730us  cudaConfigureCall
  0.00%  1.5530us         3     517ns     277ns     915ns  cuDeviceGet
==2049== NVPROF is profiling process 2049, command: ./matmult_f.nvcc2 gpu5 128 128 128
==2049== Profiling application: ./matmult_f.nvcc2 gpu5 128 128 128
==2049== Profiling result:
Time(%)      Time     Calls       Avg       Min       Max  Name
 41.56%  62.977us         4  15.744us  15.264us  16.129us  [CUDA memcpy HtoD]
 38.61%  58.497us         2  29.248us  28.929us  29.568us  gpu5(int, int, int, double*, double*, double*)
 19.83%  30.049us         2  15.024us  15.009us  15.040us  [CUDA memcpy DtoH]

==2049== API calls:
Time(%)      Time     Calls       Avg       Min       Max  Name
 98.98%  218.19ms         6  36.365ms  4.5810us  217.95ms  cudaMalloc
  0.25%  550.72us         6  91.786us  62.898us  157.15us  cudaMemcpy
  0.25%  540.42us        91  5.9380us     234ns  200.84us  cuDeviceGetAttribute
  0.20%  432.83us         1  432.83us  432.83us  432.83us  cuDeviceTotalMem
  0.17%  382.66us         6  63.776us  6.4610us  183.34us  cudaFree
  0.09%  196.88us         2  98.440us  21.690us  175.19us  cudaLaunch
  0.03%  67.315us         2  33.657us  31.710us  35.605us  cudaDeviceSynchronize
  0.02%  48.104us         1  48.104us  48.104us  48.104us  cuDeviceGetName
  0.01%  11.437us        12     953ns     221ns  4.3380us  cudaSetupArgument
  0.00%  9.3090us         2  4.6540us     968ns  8.3410us  cudaSetDevice
  0.00%  4.2320us         3  1.4100us     300ns  3.1760us  cuDeviceGetCount
  0.00%  2.8050us         2  1.4020us     822ns  1.9830us  cudaConfigureCall
  0.00%  1.6040us         3     534ns     321ns     842ns  cuDeviceGet
==2061== NVPROF is profiling process 2061, command: ./matmult_f.nvcc2 gpu5 256 256 256
==2061== Profiling application: ./matmult_f.nvcc2 gpu5 256 256 256
==2061== Profiling result:
Time(%)      Time     Calls       Avg       Min       Max  Name
 51.20%  340.49us         2  170.24us  169.28us  171.20us  gpu5(int, int, int, double*, double*, double*)
 32.84%  218.37us         4  54.593us  53.857us  55.585us  [CUDA memcpy HtoD]
 15.96%  106.15us         2  53.073us  52.993us  53.153us  [CUDA memcpy DtoH]

==2061== API calls:
Time(%)      Time     Calls       Avg       Min       Max  Name
 98.18%  216.59ms         6  36.098ms  6.1920us  215.95ms  cudaMalloc
  0.76%  1.6829ms         6  280.48us  185.99us  512.06us  cudaMemcpy
  0.31%  674.66us         6  112.44us  10.343us  190.95us  cudaFree
  0.25%  544.21us        91  5.9800us     214ns  199.76us  cuDeviceGetAttribute
  0.19%  429.02us         1  429.02us  429.02us  429.02us  cuDeviceTotalMem
  0.17%  377.44us         2  188.72us  169.23us  208.22us  cudaDeviceSynchronize
  0.10%  219.13us         2  109.56us  21.920us  197.21us  cudaLaunch
  0.03%  59.689us         1  59.689us  59.689us  59.689us  cuDeviceGetName
  0.01%  12.379us         2  6.1890us  1.1100us  11.269us  cudaSetDevice
  0.00%  7.1970us        12     599ns     220ns  3.8420us  cudaSetupArgument
  0.00%  4.2830us         3  1.4270us     302ns  3.2470us  cuDeviceGetCount
  0.00%  3.0670us         2  1.5330us     860ns  2.2070us  cudaConfigureCall
  0.00%  1.5780us         3     526ns     284ns     836ns  cuDeviceGet
==2072== NVPROF is profiling process 2072, command: ./matmult_f.nvcc2 gpu5 512 512 512
==2072== Profiling application: ./matmult_f.nvcc2 gpu5 512 512 512
==2072== Profiling result:
Time(%)      Time     Calls       Avg       Min       Max  Name
 53.22%  2.5446ms         2  1.2723ms  1.2705ms  1.2741ms  gpu5(int, int, int, double*, double*, double*)
 38.07%  1.8202ms         4  455.04us  436.36us  471.63us  [CUDA memcpy HtoD]
  8.71%  416.33us         2  208.16us  208.07us  208.26us  [CUDA memcpy DtoH]

==2072== API calls:
Time(%)      Time     Calls       Avg       Min       Max  Name
 95.36%  219.18ms         6  36.530ms  202.10us  218.13ms  cudaMalloc
  2.51%  5.7677ms         6  961.28us  698.41us  1.7942ms  cudaMemcpy
  1.14%  2.6307ms         2  1.3154ms  1.2703ms  1.3604ms  cudaDeviceSynchronize
  0.41%  944.29us         6  157.38us  146.53us  189.08us  cudaFree
  0.24%  547.18us        91  6.0120us     216ns  205.77us  cuDeviceGetAttribute
  0.19%  441.21us         1  441.21us  441.21us  441.21us  cuDeviceTotalMem
  0.12%  266.15us         2  133.07us  23.166us  242.98us  cudaLaunch
  0.02%  50.432us         1  50.432us  50.432us  50.432us  cuDeviceGetName
  0.00%  9.6990us        12     808ns     300ns  5.5230us  cudaSetupArgument
  0.00%  9.4190us         2  4.7090us     982ns  8.4370us  cudaSetDevice
  0.00%  4.0510us         3  1.3500us     327ns  2.9780us  cuDeviceGetCount
  0.00%  2.7520us         2  1.3760us     780ns  1.9720us  cudaConfigureCall
  0.00%  1.4710us         3     490ns     290ns     771ns  cuDeviceGet
==2083== NVPROF is profiling process 2083, command: ./matmult_f.nvcc2 gpu5 768 768 768
==2083== Profiling application: ./matmult_f.nvcc2 gpu5 768 768 768
==2083== Profiling result:
Time(%)      Time     Calls       Avg       Min       Max  Name
 50.67%  8.4588ms         2  4.2294ms  4.2251ms  4.2337ms  gpu5(int, int, int, double*, double*, double*)
 30.89%  5.1569ms         4  1.2892ms  1.2456ms  1.3330ms  [CUDA memcpy HtoD]
 18.44%  3.0777ms         2  1.5388ms  1.3856ms  1.6921ms  [CUDA memcpy DtoH]

==2083== API calls:
Time(%)      Time     Calls       Avg       Min       Max  Name
 90.85%  219.82ms         6  36.637ms  206.99us  218.73ms  cudaMalloc
  4.71%  11.395ms         6  1.8992ms  1.5690ms  2.9055ms  cudaMemcpy
  3.51%  8.4978ms         2  4.2489ms  4.2301ms  4.2677ms  cudaDeviceSynchronize
  0.40%  972.38us         6  162.06us  145.66us  208.29us  cudaFree
  0.23%  547.81us        91  6.0190us     210ns  202.63us  cuDeviceGetAttribute
  0.18%  443.07us         1  443.07us  443.07us  443.07us  cuDeviceTotalMem
  0.09%  213.40us         2  106.70us  24.250us  189.15us  cudaLaunch
  0.02%  47.589us         1  47.589us  47.589us  47.589us  cuDeviceGetName
  0.01%  12.635us         2  6.3170us  1.2510us  11.384us  cudaSetDevice
  0.00%  9.1620us        12     763ns     294ns  4.9610us  cudaSetupArgument
  0.00%  4.0660us         3  1.3550us     265ns  3.0840us  cuDeviceGetCount
  0.00%  2.8430us         2  1.4210us     827ns  2.0160us  cudaConfigureCall
  0.00%  1.5190us         3     506ns     253ns     870ns  cuDeviceGet
==2094== NVPROF is profiling process 2094, command: ./matmult_f.nvcc2 gpu5 1024 1024 1024
==2094== Profiling application: ./matmult_f.nvcc2 gpu5 1024 1024 1024
==2094== Profiling result:
Time(%)      Time     Calls       Avg       Min       Max  Name
 54.64%  19.928ms         2  9.9638ms  9.9581ms  9.9695ms  gpu5(int, int, int, double*, double*, double*)
 28.20%  10.285ms         4  2.5712ms  2.5378ms  2.6145ms  [CUDA memcpy HtoD]
 17.16%  6.2595ms         2  3.1297ms  2.6141ms  3.6454ms  [CUDA memcpy DtoH]

==2094== API calls:
Time(%)      Time     Calls       Avg       Min       Max  Name
 84.16%  223.23ms         6  37.205ms  205.28us  222.14ms  cudaMalloc
  7.54%  20.002ms         2  10.001ms  9.9565ms  10.046ms  cudaDeviceSynchronize
  7.40%  19.624ms         6  3.2707ms  2.8218ms  4.7369ms  cudaMemcpy
  0.39%  1.0242ms         6  170.70us  147.25us  222.33us  cudaFree
  0.21%  555.76us        91  6.1070us     212ns  214.23us  cuDeviceGetAttribute
  0.16%  428.29us         1  428.29us  428.29us  428.29us  cuDeviceTotalMem
  0.11%  302.35us         2  151.18us  33.254us  269.10us  cudaLaunch
  0.02%  47.917us         1  47.917us  47.917us  47.917us  cuDeviceGetName
  0.00%  10.573us        12     881ns     300ns  5.8720us  cudaSetupArgument
  0.00%  10.288us         2  5.1440us  1.4270us  8.8610us  cudaSetDevice
  0.00%  4.2020us         3  1.4000us     313ns  3.0930us  cuDeviceGetCount
  0.00%  3.0770us         2  1.5380us  1.0530us  2.0240us  cudaConfigureCall
  0.00%  1.5150us         3     505ns     304ns     764ns  cuDeviceGet
==2105== NVPROF is profiling process 2105, command: ./matmult_f.nvcc2 gpu5 2048 2048 2048
==2105== Profiling application: ./matmult_f.nvcc2 gpu5 2048 2048 2048
==2105== Profiling result:
Time(%)      Time     Calls       Avg       Min       Max  Name
 68.17%  158.03ms         2  79.015ms  78.978ms  79.051ms  gpu5(int, int, int, double*, double*, double*)
 19.22%  44.553ms         4  11.138ms  11.104ms  11.204ms  [CUDA memcpy HtoD]
 12.61%  29.228ms         2  14.614ms  12.139ms  17.088ms  [CUDA memcpy DtoH]

==2105== API calls:
Time(%)      Time     Calls       Avg       Min       Max  Name
 48.17%  220.30ms         6  36.716ms  233.04us  219.03ms  cudaMalloc
 34.56%  158.07ms         2  79.036ms  79.019ms  79.052ms  cudaDeviceSynchronize
 16.70%  76.356ms         6  12.726ms  11.403ms  17.660ms  cudaMemcpy
  0.26%  1.1914ms         6  198.56us  164.86us  271.97us  cudaFree
  0.12%  539.19us        91  5.9250us     212ns  200.38us  cuDeviceGetAttribute
  0.09%  432.92us         1  432.92us  432.92us  432.92us  cuDeviceTotalMem
  0.07%  337.30us         2  168.65us  53.734us  283.57us  cudaLaunch
  0.01%  48.625us         1  48.625us  48.625us  48.625us  cuDeviceGetName
  0.00%  21.249us        12  1.7700us     303ns  9.7250us  cudaSetupArgument
  0.00%  10.367us         2  5.1830us  1.2470us  9.1200us  cudaSetDevice
  0.00%  5.8750us         2  2.9370us  2.0950us  3.7800us  cudaConfigureCall
  0.00%  4.4050us         3  1.4680us     376ns  3.3450us  cuDeviceGetCount
  0.00%  1.6600us         3     553ns     282ns     888ns  cuDeviceGet
