cuda/8.0 is already loaded.
==19903== NVPROF is profiling process 19903, command: ./matmult_f.nvcc2 gpu5 10 10 10
==19903== Profiling application: ./matmult_f.nvcc2 gpu5 10 10 10
==19903== Profiling result:
Time(%)      Time     Calls       Avg       Min       Max  Name
 50.13%  2.5385ms      2002  1.2670us  1.0240us  1.7600us  [CUDA memcpy HtoD]
 49.87%  2.5253ms      1001  2.5220us  2.4320us  9.8880us  [CUDA memcpy DtoH]

==19903== API calls:
Time(%)      Time     Calls       Avg       Min       Max  Name
 74.12%  664.15ms      3003  221.16us  5.4670us  438.25ms  cudaMalloc
 19.11%  171.21ms      3003  57.014us  5.5070us  315.72us  cudaFree
  5.60%  50.208ms      3003  16.719us  10.254us  42.255us  cudaMemcpy
  0.61%  5.4346ms      1001  5.4290us  5.2030us  12.202us  cudaDeviceSynchronize
  0.18%  1.6039ms      6006     267ns     215ns  5.1090us  cudaSetupArgument
  0.09%  789.44us      1001     788ns     704ns  15.213us  cudaSetDevice
  0.09%  785.05us      1001     784ns     728ns  4.8340us  cudaLaunch
  0.08%  718.27us      1001     717ns     654ns  10.979us  cudaConfigureCall
  0.07%  654.86us        91  7.1960us     208ns  249.04us  cuDeviceGetAttribute
  0.05%  448.72us         1  448.72us  448.72us  448.72us  cuDeviceTotalMem
  0.01%  87.120us         1  87.120us  87.120us  87.120us  cuDeviceGetName
  0.00%  4.0750us         3  1.3580us     387ns  2.9160us  cuDeviceGetCount
  0.00%  1.6620us         3     554ns     324ns     881ns  cuDeviceGet
==19937== NVPROF is profiling process 19937, command: ./matmult_f.nvcc2 gpu5 25 25 25
==19937== Profiling application: ./matmult_f.nvcc2 gpu5 25 25 25
==19937== Profiling result:
Time(%)      Time     Calls       Avg       Min       Max  Name
 54.95%  3.6433ms      2002  1.8190us  1.7600us  2.1120us  [CUDA memcpy HtoD]
 45.05%  2.9865ms      1001  2.9830us  2.9120us  3.3600us  [CUDA memcpy DtoH]

==19937== API calls:
Time(%)      Time     Calls       Avg       Min       Max  Name
 65.17%  444.07ms      3003  147.87us  5.4740us  218.65ms  cudaMalloc
 25.09%  170.96ms      3003  56.929us  5.5930us  285.72us  cudaFree
  8.20%  55.892ms      3003  18.611us  11.937us  36.124us  cudaMemcpy
  0.79%  5.3787ms      1001  5.3730us  5.1910us  10.097us  cudaDeviceSynchronize
  0.24%  1.6419ms      6006     273ns     216ns  4.9150us  cudaSetupArgument
  0.13%  854.15us      1001     853ns     782ns  9.0440us  cudaSetDevice
  0.12%  812.89us      1001     812ns     763ns  5.1490us  cudaLaunch
  0.11%  733.84us      1001     733ns     643ns  5.0110us  cudaConfigureCall
  0.08%  550.82us        91  6.0520us     212ns  207.18us  cuDeviceGetAttribute
  0.06%  429.24us         1  429.24us  429.24us  429.24us  cuDeviceTotalMem
  0.01%  50.112us         1  50.112us  50.112us  50.112us  cuDeviceGetName
  0.00%  3.5590us         3  1.1860us     353ns  2.4380us  cuDeviceGetCount
  0.00%  1.4240us         3     474ns     263ns     803ns  cuDeviceGet
==19948== NVPROF is profiling process 19948, command: ./matmult_f.nvcc2 gpu5 50 50 50
==19948== Profiling application: ./matmult_f.nvcc2 gpu5 50 50 50
==19948== Profiling result:
Time(%)      Time     Calls       Avg       Min       Max  Name
 48.31%  12.284ms      1001  12.271us  12.032us  12.672us  gpu5(int, int, int, double*, double*, double*)
 33.89%  8.6176ms      2002  4.3040us  4.2560us  4.6080us  [CUDA memcpy HtoD]
 17.80%  4.5247ms      1001  4.5200us  4.4800us  4.9600us  [CUDA memcpy DtoH]

==19948== API calls:
Time(%)      Time     Calls       Avg       Min       Max  Name
 60.38%  445.50ms      3003  148.35us  5.4070us  219.26ms  cudaMalloc
 23.66%  174.59ms      3003  58.139us  5.5040us  512.03us  cudaFree
 10.39%  76.639ms      3003  25.520us  17.069us  50.294us  cudaMemcpy
  2.49%  18.397ms      1001  18.378us  13.393us  26.446us  cudaDeviceSynchronize
  2.49%  18.369ms      1001  18.350us  17.478us  193.13us  cudaLaunch
  0.22%  1.6241ms      6006     270ns     217ns  4.8400us  cudaSetupArgument
  0.12%  871.30us      1001     870ns     803ns  9.5630us  cudaSetDevice
  0.10%  725.25us      1001     724ns     634ns  1.7170us  cudaConfigureCall
  0.08%  591.22us        91  6.4960us     217ns  216.25us  cuDeviceGetAttribute
  0.06%  428.83us         1  428.83us  428.83us  428.83us  cuDeviceTotalMem
  0.01%  49.730us         1  49.730us  49.730us  49.730us  cuDeviceGetName
  0.00%  3.2610us         3  1.0870us     244ns  2.3180us  cuDeviceGetCount
  0.00%  1.5130us         3     504ns     264ns     789ns  cuDeviceGet
==19964== NVPROF is profiling process 19964, command: ./matmult_f.nvcc2 gpu5 75 75 75
==19964== Profiling application: ./matmult_f.nvcc2 gpu5 75 75 75
==19964== Profiling result:
Time(%)      Time     Calls       Avg       Min       Max  Name
 41.56%  17.009ms      1001  16.992us  16.769us  17.377us  gpu5(int, int, int, double*, double*, double*)
 41.56%  17.007ms      2002  8.4940us  8.4480us  8.8000us  [CUDA memcpy HtoD]
 16.88%  6.9075ms      1001  6.9000us  6.8480us  7.3290us  [CUDA memcpy DtoH]

==19964== API calls:
Time(%)      Time     Calls       Avg       Min       Max  Name
 57.57%  449.54ms      3003  149.70us  5.4980us  222.36ms  cudaMalloc
 22.56%  176.19ms      3003  58.670us  5.6970us  512.60us  cudaFree
 13.94%  108.82ms      3003  36.235us  27.375us  94.347us  cudaMemcpy
  2.98%  23.280ms      1001  23.257us  18.287us  60.812us  cudaDeviceSynchronize
  2.35%  18.366ms      1001  18.347us  17.490us  172.85us  cudaLaunch
  0.22%  1.7116ms      6006     284ns     221ns  11.852us  cudaSetupArgument
  0.11%  848.53us      1001     847ns     755ns  9.4500us  cudaSetDevice
  0.11%  844.13us        91  9.2760us     210ns  434.92us  cuDeviceGetAttribute
  0.09%  729.60us      1001     728ns     665ns  1.8100us  cudaConfigureCall
  0.05%  428.83us         1  428.83us  428.83us  428.83us  cuDeviceTotalMem
  0.01%  49.741us         1  49.741us  49.741us  49.741us  cuDeviceGetName
  0.00%  3.3030us         3  1.1010us     271ns  2.2820us  cuDeviceGetCount
  0.00%  1.6060us         3     535ns     280ns     861ns  cuDeviceGet
==19975== NVPROF is profiling process 19975, command: ./matmult_f.nvcc2 gpu5 100 100 100
==19975== Profiling application: ./matmult_f.nvcc2 gpu5 100 100 100
==19975== Profiling result:
Time(%)      Time     Calls       Avg       Min       Max  Name
 40.40%  2.1657ms       101  21.443us  21.249us  21.633us  gpu5(int, int, int, double*, double*, double*)
 40.37%  2.1641ms       202  10.713us  10.304us  11.296us  [CUDA memcpy HtoD]
 19.23%  1.0306ms       101  10.204us  10.176us  10.432us  [CUDA memcpy DtoH]

==19975== API calls:
Time(%)      Time     Calls       Avg       Min       Max  Name
 85.82%  242.01ms       303  798.72us  5.4240us  219.40ms  cudaMalloc
  6.35%  17.898ms       303  59.069us  5.6210us  253.11us  cudaFree
  5.59%  15.774ms       303  52.059us  42.331us  105.14us  cudaMemcpy
  1.03%  2.8986ms       101  28.699us  24.423us  29.841us  cudaDeviceSynchronize
  0.72%  2.0438ms       101  20.235us  17.861us  175.46us  cudaLaunch
  0.20%  554.37us        91  6.0910us     213ns  205.01us  cuDeviceGetAttribute
  0.15%  428.97us         1  428.97us  428.97us  428.97us  cuDeviceTotalMem
  0.06%  163.18us       606     269ns     214ns  5.0020us  cudaSetupArgument
  0.03%  89.289us       101     884ns     752ns  9.0230us  cudaSetDevice
  0.03%  74.446us       101     737ns     683ns  2.2660us  cudaConfigureCall
  0.02%  49.944us         1  49.944us  49.944us  49.944us  cuDeviceGetName
  0.00%  3.2600us         3  1.0860us     284ns  2.2200us  cuDeviceGetCount
  0.00%  1.5150us         3     505ns     296ns     788ns  cuDeviceGet
==19986== NVPROF is profiling process 19986, command: ./matmult_f.nvcc2 gpu5 250 250 250
==19986== Profiling application: ./matmult_f.nvcc2 gpu5 250 250 250
==19986== Profiling result:
Time(%)      Time     Calls       Avg       Min       Max  Name
 47.81%  14.032ms       101  138.93us  135.94us  141.09us  gpu5(int, int, int, double*, double*, double*)
 34.96%  10.261ms       202  50.794us  50.049us  51.937us  [CUDA memcpy HtoD]
 17.22%  5.0547ms       101  50.046us  49.794us  50.434us  [CUDA memcpy DtoH]

==19986== API calls:
Time(%)      Time     Calls       Avg       Min       Max  Name
 68.62%  263.93ms       303  871.04us  7.3030us  220.90ms  cudaMalloc
 17.43%  67.034ms       303  221.23us  172.44us  485.65us  cudaMemcpy
  8.42%  32.399ms       303  106.93us  9.5510us  192.48us  cudaFree
  4.61%  17.750ms       101  175.74us  139.85us  180.37us  cudaDeviceSynchronize
  0.55%  2.1147ms       101  20.938us  18.312us  196.28us  cudaLaunch
  0.14%  554.64us        91  6.0940us     217ns  210.41us  cuDeviceGetAttribute
  0.11%  429.06us         1  429.06us  429.06us  429.06us  cuDeviceTotalMem
  0.05%  175.18us       606     289ns     218ns  5.2360us  cudaSetupArgument
  0.02%  93.711us       101     927ns     788ns  8.9240us  cudaSetDevice
  0.02%  83.427us       101     826ns     758ns  1.9300us  cudaConfigureCall
  0.01%  50.450us         1  50.450us  50.450us  50.450us  cuDeviceGetName
  0.00%  3.4530us         3  1.1510us     306ns  2.3740us  cuDeviceGetCount
  0.00%  1.7140us         3     571ns     290ns     863ns  cuDeviceGet
==20010== NVPROF is profiling process 20010, command: ./matmult_f.nvcc2 gpu5 500 500 500
==20010== Profiling application: ./matmult_f.nvcc2 gpu5 500 500 500
==20010== Profiling result:
Time(%)      Time     Calls       Avg       Min       Max  Name
 50.05%  11.355ms        11  1.0323ms  1.0015ms  1.0593ms  gpu5(int, int, int, double*, double*, double*)
 40.48%  9.1834ms        22  417.43us  398.95us  428.71us  [CUDA memcpy HtoD]
  9.47%  2.1483ms        11  195.30us  195.24us  195.46us  [CUDA memcpy DtoH]

==20010== API calls:
Time(%)      Time     Calls       Avg       Min       Max  Name
 87.61%  475.18ms        33  14.400ms  231.81us  446.98ms  cudaMalloc
  5.84%  31.658ms        33  959.34us  660.23us  1.6516ms  cudaMemcpy
  3.14%  17.036ms        33  516.24us  155.17us  1.2165ms  cudaFree
  3.09%  16.739ms        11  1.5217ms  1.0497ms  1.8784ms  cudaDeviceSynchronize
  0.13%  703.63us        91  7.7320us     217ns  273.20us  cuDeviceGetAttribute
  0.09%  511.27us        11  46.479us  21.947us  227.95us  cudaLaunch
  0.08%  437.18us         1  437.18us  437.18us  437.18us  cuDeviceTotalMem
  0.01%  49.713us         1  49.713us  49.713us  49.713us  cuDeviceGetName
  0.01%  28.854us        66     437ns     290ns  3.0950us  cudaSetupArgument
  0.00%  26.513us        11  2.4100us     863ns  10.178us  cudaSetDevice
  0.00%  18.255us        11  1.6590us     895ns  1.9310us  cudaConfigureCall
  0.00%  3.6910us         3  1.2300us     291ns  2.7170us  cuDeviceGetCount
  0.00%  1.6320us         3     544ns     270ns     859ns  cuDeviceGet
==20036== NVPROF is profiling process 20036, command: ./matmult_f.nvcc2 gpu5 750 750 750
==20036== Profiling application: ./matmult_f.nvcc2 gpu5 750 750 750
==20036== Profiling result:
Time(%)      Time     Calls       Avg       Min       Max  Name
 47.08%  7.0809ms         2  3.5404ms  3.5368ms  3.5441ms  gpu5(int, int, int, double*, double*, double*)
 32.14%  4.8344ms         4  1.2086ms  1.1520ms  1.2735ms  [CUDA memcpy HtoD]
 20.78%  3.1247ms         2  1.5623ms  1.3487ms  1.7759ms  [CUDA memcpy DtoH]

==20036== API calls:
Time(%)      Time     Calls       Avg       Min       Max  Name
 91.67%  219.78ms         6  36.631ms  213.59us  218.53ms  cudaMalloc
  4.36%  10.449ms         6  1.7414ms  1.5007ms  2.3589ms  cudaMemcpy
  2.96%  7.0985ms         2  3.5493ms  3.5406ms  3.5579ms  cudaDeviceSynchronize
  0.47%  1.1354ms         6  189.23us  149.40us  243.04us  cudaFree
  0.24%  577.72us        91  6.3480us     212ns  219.12us  cuDeviceGetAttribute
  0.18%  432.35us         1  432.35us  432.35us  432.35us  cuDeviceTotalMem
  0.08%  201.44us         2  100.72us  23.034us  178.40us  cudaLaunch
  0.02%  51.619us         1  51.619us  51.619us  51.619us  cuDeviceGetName
  0.00%  11.722us         2  5.8610us  1.2090us  10.513us  cudaSetDevice
  0.00%  8.6530us        12     721ns     272ns  4.3220us  cudaSetupArgument
  0.00%  3.6700us         3  1.2230us     253ns  2.7710us  cuDeviceGetCount
  0.00%  3.1150us         2  1.5570us     860ns  2.2550us  cudaConfigureCall
  0.00%  1.6440us         3     548ns     289ns     888ns  cuDeviceGet
==20047== NVPROF is profiling process 20047, command: ./matmult_f.nvcc2 gpu5 1000 1000 1000
==20047== Profiling application: ./matmult_f.nvcc2 gpu5 1000 1000 1000
==20047== Profiling result:
Time(%)      Time     Calls       Avg       Min       Max  Name
 51.17%  16.624ms         2  8.3120ms  8.3093ms  8.3147ms  gpu5(int, int, int, double*, double*, double*)
 29.95%  9.7301ms         4  2.4325ms  2.3940ms  2.4923ms  [CUDA memcpy HtoD]
 18.88%  6.1356ms         2  3.0678ms  2.5506ms  3.5850ms  [CUDA memcpy DtoH]

==20047== API calls:
Time(%)      Time     Calls       Avg       Min       Max  Name
 85.22%  219.00ms         6  36.500ms  216.11us  217.84ms  cudaMalloc
  7.37%  18.948ms         6  3.1580ms  2.7082ms  4.6801ms  cudaMemcpy
  6.49%  16.670ms         2  8.3348ms  8.3185ms  8.3510ms  cudaDeviceSynchronize
  0.41%  1.0575ms         6  176.25us  154.14us  238.64us  cudaFree
  0.21%  548.48us        91  6.0270us     214ns  204.51us  cuDeviceGetAttribute
  0.17%  433.19us         1  433.19us  433.19us  433.19us  cuDeviceTotalMem
  0.10%  244.58us         2  122.29us  26.514us  218.07us  cudaLaunch
  0.02%  50.051us         1  50.051us  50.051us  50.051us  cuDeviceGetName
  0.00%  12.077us        12  1.0060us     352ns  7.0150us  cudaSetupArgument
  0.00%  12.070us         2  6.0350us  1.3250us  10.745us  cudaSetDevice
  0.00%  3.8320us         2  1.9160us  1.5590us  2.2730us  cudaConfigureCall
  0.00%  3.7450us         3  1.2480us     352ns  2.6180us  cuDeviceGetCount
  0.00%  1.7460us         3     582ns     303ns     980ns  cuDeviceGet
==20058== NVPROF is profiling process 20058, command: ./matmult_f.nvcc2 gpu5 2000 2000 2000
==20058== Profiling application: ./matmult_f.nvcc2 gpu5 2000 2000 2000
==20058== Profiling result:
Time(%)      Time     Calls       Avg       Min       Max  Name
 64.04%  124.80ms         2  62.399ms  62.381ms  62.418ms  gpu5(int, int, int, double*, double*, double*)
 21.62%  42.142ms         4  10.535ms  10.494ms  10.628ms  [CUDA memcpy HtoD]
 14.34%  27.939ms         2  13.970ms  11.663ms  16.277ms  [CUDA memcpy DtoH]

==20058== API calls:
Time(%)      Time     Calls       Avg       Min       Max  Name
 52.34%  219.83ms         6  36.638ms  234.91us  218.57ms  cudaMalloc
 29.72%  124.82ms         2  62.409ms  62.397ms  62.421ms  cudaDeviceSynchronize
 17.34%  72.825ms         6  12.138ms  10.852ms  17.018ms  cudaMemcpy
  0.28%  1.1602ms         6  193.37us  161.56us  283.61us  cudaFree
  0.13%  549.49us        91  6.0380us     210ns  204.25us  cuDeviceGetAttribute
  0.10%  433.40us         1  433.40us  433.40us  433.40us  cuDeviceTotalMem
  0.07%  278.11us         2  139.05us  31.984us  246.12us  cudaLaunch
  0.01%  49.426us         1  49.426us  49.426us  49.426us  cuDeviceGetName
  0.00%  12.359us         2  6.1790us  1.3550us  11.004us  cudaSetDevice
  0.00%  10.505us        12     875ns     239ns  6.3760us  cudaSetupArgument
  0.00%  5.2130us         2  2.6060us  2.2560us  2.9570us  cudaConfigureCall
  0.00%  3.5510us         3  1.1830us     376ns  2.4690us  cuDeviceGetCount
  0.00%  1.9880us         3     662ns     455ns     814ns  cuDeviceGet
