### Start Thu Jan 12 14:19:41 2017
# /opt/oracle/solarisstudio12.4/bin/../bin/amd64/er_archive -nA -O /zhome/e0/8/114346/HPC/week2/assignment2/collector.3634194.er/er_archive.log /zhome/e0/8/114346/HPC/week2/assignment2/collector.3634194.er
Copying `/zhome/e0/8/114346/HPC/week2/assignment2/driver'
  to `/zhome/e0/8/114346/HPC/week2/assignment2/collector.3634194.er/archives/driver_tHGm89iYss0'
Copying `/lib64/ld-2.12.so'
  to `/zhome/e0/8/114346/HPC/week2/assignment2/collector.3634194.er/archives/ld-2.12.so_aP_8v-wjLK7'
Copying `/usr/lib64/libgomp.so.1.0.0'
  to `/zhome/e0/8/114346/HPC/week2/assignment2/collector.3634194.er/archives/libgomp.so.1.0.0_OCEC1bthLm2'
Copying `/lib64/libc-2.12.so'
  to `/zhome/e0/8/114346/HPC/week2/assignment2/collector.3634194.er/archives/libc-2.12.so_aP_8v-wjLK7'
Copying `/lib64/libpthread-2.12.so'
  to `/zhome/e0/8/114346/HPC/week2/assignment2/collector.3634194.er/archives/libpthread-2.12.so_aP_8v-wjLK7'
Copying `/lib64/librt-2.12.so'
  to `/zhome/e0/8/114346/HPC/week2/assignment2/collector.3634194.er/archives/librt-2.12.so_aP_8v-wjLK7'
Copying `/lib64/libm-2.12.so'
  to `/zhome/e0/8/114346/HPC/week2/assignment2/collector.3634194.er/archives/libm-2.12.so_aP_8v-wjLK7'
Copying `/lib64/libdl-2.12.so'
  to `/zhome/e0/8/114346/HPC/week2/assignment2/collector.3634194.er/archives/libdl-2.12.so_aP_8v-wjLK7'
Copying `/opt/oracle/solarisstudio12.4/lib/analyzer/amd64/runtime/libcollector.so'
  to `/zhome/e0/8/114346/HPC/week2/assignment2/collector.3634194.er/archives/libcollector.so_QoIRzKtiYk4'
