### Start Thu Jan 12 19:28:43 2017
# /opt/oracle/solarisstudio12.4/bin/../bin/amd64/er_archive -nA -O /zhome/79/6/104772/Documents/HPC/week2/assignment2/tha.6.er/er_archive.log /zhome/79/6/104772/Documents/HPC/week2/assignment2/tha.6.er
Copying `/zhome/79/6/104772/Documents/HPC/week2/assignment2/driver'
  to `/zhome/79/6/104772/Documents/HPC/week2/assignment2/tha.6.er/archives/driver_8R_kRp8Cn4b'
Copying `/lib64/ld-2.12.so'
  to `/zhome/79/6/104772/Documents/HPC/week2/assignment2/tha.6.er/archives/ld-2.12.so_aP_8v-wjLK7'
Copying `/lib64/libm-2.12.so'
  to `/zhome/79/6/104772/Documents/HPC/week2/assignment2/tha.6.er/archives/libm-2.12.so_aP_8v-wjLK7'
Copying `/lib64/libc-2.12.so'
  to `/zhome/79/6/104772/Documents/HPC/week2/assignment2/tha.6.er/archives/libc-2.12.so_aP_8v-wjLK7'
Copying `/lib64/libpthread-2.12.so'
  to `/zhome/79/6/104772/Documents/HPC/week2/assignment2/tha.6.er/archives/libpthread-2.12.so_aP_8v-wjLK7'
Copying `/lib64/libdl-2.12.so'
  to `/zhome/79/6/104772/Documents/HPC/week2/assignment2/tha.6.er/archives/libdl-2.12.so_aP_8v-wjLK7'
Copying `/lib64/librt-2.12.so'
  to `/zhome/79/6/104772/Documents/HPC/week2/assignment2/tha.6.er/archives/librt-2.12.so_aP_8v-wjLK7'
Copying `/opt/oracle/solarisstudio12.4/lib/compilers/rtlibs/usr/lib/amd64/libmtsk_crt.so.1'
  to `/zhome/79/6/104772/Documents/HPC/week2/assignment2/tha.6.er/archives/libmtsk_crt.so.1_QFVeeoiOyH5'
Copying `/opt/oracle/solarisstudio12.4/lib/compilers/rtlibs/usr/lib/amd64/libmtsk.so.1'
  to `/zhome/79/6/104772/Documents/HPC/week2/assignment2/tha.6.er/archives/libmtsk.so.1_QFVeeoiOyH5'
Copying `/opt/oracle/solarisstudio12.4/lib/analyzer/amd64/runtime/libcollector.so'
  to `/zhome/79/6/104772/Documents/HPC/week2/assignment2/tha.6.er/archives/libcollector.so_QoIRzKtiYk4'
Copying `/opt/oracle/solarisstudio12.4/lib/analyzer/amd64/runtime/tha.so'
  to `/zhome/79/6/104772/Documents/HPC/week2/assignment2/tha.6.er/archives/tha.so_QoIRzKtiYk4'
